<?xml version="1.0" encoding="UTF-8"?>
<testsuite name="Start" tests="1" skipped="0" failures="0" errors="0" timestamp="2022-09-03T15:26:46" hostname="DESKTOP-MEFJ5G1" time="136.695">
  <properties/>
  <testcase name="firstStep" classname="Start" time="136.695"/>
  <system-out><![CDATA[]]></system-out>
  <system-err><![CDATA[Starting ChromeDriver 104.0.5112.79 (3cf3e8c8a07d104b9e1260c910efb8f383285dc5-refs/branch-heads/5112@{#1307}) on port 63262
Only local connections are allowed.
Please see https://chromedriver.chromium.org/security-considerations for suggestions on keeping ChromeDriver safe.
ChromeDriver was started successfully.
[1662218808.194][WARNING]: This version of ChromeDriver has not been tested with Chrome version 105.
сент. 03, 2022 6:26:48 PM org.openqa.selenium.remote.ProtocolHandshake createSession
INFO: Detected upstream dialect: W3C
сент. 03, 2022 6:26:48 PM org.openqa.selenium.devtools.CdpVersionFinder findNearestMatch
WARNING: Unable to find an exact match for CDP version 105, so returning the closest version found: 104
сент. 03, 2022 6:26:48 PM org.openqa.selenium.devtools.CdpVersionFinder findNearestMatch
INFO: Found CDP implementation for version 105 of 104
]]></system-err>
</testsuite>
